<?xml version="1.0" encoding="UTF-8"?>
<!-- Generated by org.testng.reporters.JUnitReportReporter -->
<testsuite hostname="RC2040" failures="0" tests="3" name="com.mvn.testng.project.MVNTestNGTest1" time="0.015" errors="0" timestamp="2024-09-18T05:04:14 PKT" skipped="0">
  <testcase classname="com.mvn.testng.project.MVNTestNGTest1" name="validateTitle" time="0.011"/>
  <system-out/>
  <testcase classname="com.mvn.testng.project.MVNTestNGTest1" name="validateTitle" time="0.002"/>
  <system-out/>
  <testcase classname="com.mvn.testng.project.MVNTestNGTest1" name="validateTitle" time="0.002"/>
  <system-out/>
</testsuite> <!-- com.mvn.testng.project.MVNTestNGTest1 -->
