<?xml version="1.0" encoding="UTF-8"?>
<!-- Generated by org.testng.reporters.JUnitReportReporter -->
<testsuite hostname="RC2040" failures="0" tests="4" name="com.mvn.testng.project.MyTest" time="0.024" errors="0" timestamp="2024-09-18T05:04:14 PKT" skipped="0">
  <testcase classname="com.mvn.testng.project.MyTest" name="testMethod" time="0.007"/>
  <system-out/>
  <testcase classname="com.mvn.testng.project.MyTest" name="testMethod" time="0.010"/>
  <system-out/>
  <testcase classname="com.mvn.testng.project.MyTest" name="testMethod" time="0.004"/>
  <system-out/>
  <testcase classname="com.mvn.testng.project.MyTest" name="testMethod" time="0.003"/>
  <system-out/>
</testsuite> <!-- com.mvn.testng.project.MyTest -->
