<?xml version="1.0" encoding="UTF-8"?>
<!-- Generated by org.testng.reporters.JUnitReportReporter -->
<testsuite hostname="RC2040" failures="0" tests="27" name="com.mvn.testng.project.MvnTestNGTest" time="3.108" errors="0" timestamp="2024-09-18T05:04:14 PKT" skipped="3">
  <testcase classname="com.mvn.testng.project.MvnTestNGTest" name="repeatTest" time="0.004"/>
  <system-out/>
  <testcase classname="com.mvn.testng.project.MvnTestNGTest" name="repeatTest" time="0.002"/>
  <system-out/>
  <testcase classname="com.mvn.testng.project.MvnTestNGTest" name="loginTest" time="0.004"/>
  <system-out/>
  <testcase classname="com.mvn.testng.project.MvnTestNGTest" name="repeatTest" time="0.000"/>
  <system-out/>
  <testcase classname="com.mvn.testng.project.MvnTestNGTest" name="repeatTest" time="0.001"/>
  <system-out/>
  <testcase classname="com.mvn.testng.project.MvnTestNGTest" name="timeSensitiveTest" time="1.009"/>
  <system-out/>
  <testcase classname="com.mvn.testng.project.MvnTestNGTest" name="loginTest" time="0.002"/>
  <system-out/>
  <testcase classname="com.mvn.testng.project.MvnTestNGTest" name="activeTest" time="0.002"/>
  <system-out/>
  <testcase classname="com.mvn.testng.project.MvnTestNGTest" name="repeatTest" time="0.002"/>
  <system-out/>
  <testcase classname="com.mvn.testng.project.MvnTestNGTest" name="repeatTest" time="0.004"/>
  <system-out/>
  <testcase classname="com.mvn.testng.project.MvnTestNGTest" name="timeSensitiveTest" time="1.014"/>
  <system-out/>
  <testcase classname="com.mvn.testng.project.MvnTestNGTest" name="repeatTest" time="0.003"/>
  <system-out/>
  <testcase classname="com.mvn.testng.project.MvnTestNGTest" name="repeatTest" time="0.005"/>
  <system-out/>
  <testcase classname="com.mvn.testng.project.MvnTestNGTest" name="loginTest" time="0.003"/>
  <system-out/>
  <testcase classname="com.mvn.testng.project.MvnTestNGTest" name="activeTest" time="0.006"/>
  <system-out/>
  <testcase classname="com.mvn.testng.project.MvnTestNGTest" name="repeatTest" time="0.007"/>
  <system-out/>
  <testcase classname="com.mvn.testng.project.MvnTestNGTest" name="timeSensitiveTest" time="1.018"/>
  <system-out/>
  <testcase classname="com.mvn.testng.project.MvnTestNGTest" name="activeTest" time="0.001"/>
  <system-out/>
  <testcase classname="com.mvn.testng.project.MvnTestNGTest" name="userRegistration" time="0.003"/>
  <system-out/>
  <testcase classname="com.mvn.testng.project.MvnTestNGTest" name="userRegistration" time="0.004"/>
  <system-out/>
  <testcase classname="com.mvn.testng.project.MvnTestNGTest" name="userRegistration" time="0.001"/>
  <system-out/>
  <testcase classname="com.mvn.testng.project.MvnTestNGTest" name="login" time="0.004"/>
  <system-out/>
  <testcase classname="com.mvn.testng.project.MvnTestNGTest" name="login" time="0.005"/>
  <system-out/>
  <testcase classname="com.mvn.testng.project.MvnTestNGTest" name="login" time="0.004"/>
  <system-out/>
  <testcase classname="com.mvn.testng.project.MvnTestNGTest" name="skippedTest">
    <skipped/>
  </testcase> <!-- skippedTest -->
  <system-out/>
  <testcase classname="com.mvn.testng.project.MvnTestNGTest" name="skippedTest">
    <skipped/>
  </testcase> <!-- skippedTest -->
  <system-out/>
  <testcase classname="com.mvn.testng.project.MvnTestNGTest" name="skippedTest">
    <skipped/>
  </testcase> <!-- skippedTest -->
  <system-out/>
</testsuite> <!-- com.mvn.testng.project.MvnTestNGTest -->
