<?xml version="1.0" encoding="UTF-8"?>
<!-- Generated by org.testng.reporters.JUnitReportReporter -->
<testsuite hostname="RC2040" failures="0" tests="2" name="com.mvn.testng.project.MyTestClass2" time="4.019" errors="0" timestamp="2024-09-18T05:04:14 PKT" skipped="0">
  <testcase classname="com.mvn.testng.project.MyTestClass2" name="testMethod4" time="2.006"/>
  <system-out/>
  <testcase classname="com.mvn.testng.project.MyTestClass2" name="testMethod3" time="2.013"/>
  <system-out/>
</testsuite> <!-- com.mvn.testng.project.MyTestClass2 -->
