<?xml version="1.0" encoding="UTF-8"?>
<!-- Generated by org.testng.reporters.JUnitReportReporter -->
<testsuite hostname="RC2040" failures="0" tests="2" name="com.mvn.testng.project.GroupExample" time="0.014" errors="0" timestamp="2024-09-18T05:02:12 PKT" skipped="0">
  <testcase classname="com.mvn.testng.project.GroupExample" name="loginTest" time="0.001"/>
  <system-out/>
  <testcase classname="com.mvn.testng.project.GroupExample" name="invalidLoginTest" time="0.013"/>
  <system-out/>
</testsuite> <!-- com.mvn.testng.project.GroupExample -->
