<?xml version="1.0" encoding="UTF-8"?>
<!-- Generated by org.testng.reporters.JUnitReportReporter -->
<testsuite hostname="RC2040" failures="0" tests="2" name="testCases.LoginTest" time="1.203" errors="0" timestamp="2024-09-19T03:41:26 PKT" skipped="0">
  <testcase classname="testCases.LoginTest" name="getheading" time="0.035"/>
  <system-out/>
  <testcase classname="testCases.LoginTest" name="testValidateLogin" time="1.168"/>
  <system-out/>
</testsuite> <!-- testCases.LoginTest -->
