<?xml version="1.0" encoding="UTF-8"?>
<!-- Generated by org.testng.reporters.JUnitReportReporter -->
<testsuite hostname="RC2040" failures="0" tests="1" name="readDataExcel.ReadExcelSheet" time="1.046" errors="0" timestamp="2024-09-20T04:09:26 PKT" skipped="0">
  <testcase classname="readDataExcel.ReadExcelSheet" name="dataReadTest" time="1.046"/>
  <system-out/>
</testsuite> <!-- readDataExcel.ReadExcelSheet -->
